<?xml version="1.0" encoding="UTF-8"?>
<!-- Generated by org.testng.reporters.JUnitReportReporter -->
<testsuite hostname="DESKTOP-RI2VS8V" name="com.http.base.TestDemo" tests="2" failures="0" timestamp="27 Apr 2018 07:47:40 GMT" time="0.012" errors="0">
  <testcase name="testDemo" time="0.009" classname="com.http.base.TestDemo"/>
  <testcase name="testDemo" time="0.003" classname="com.http.base.TestDemo"/>
</testsuite> <!-- com.http.base.TestDemo -->
