<?xml version="1.0" encoding="UTF-8"?>
<!-- Generated by org.testng.reporters.JUnitReportReporter -->
<testsuite hostname="DESKTOP-RI2VS8V" name="com.http.testcase.TestIP3" tests="1" failures="0" timestamp="28 May 2018 08:41:42 GMT" time="0.277" errors="0">
  <testcase name="testIP3" time="0.277" classname="com.http.testcase.TestIP3"/>
</testsuite> <!-- com.http.testcase.TestIP3 -->
