<?xml version="1.0" encoding="UTF-8"?>
<!-- Generated by org.testng.reporters.JUnitReportReporter -->
<testsuite hostname="DESKTOP-RI2VS8V" name="com.http.testcase.TestIP2" tests="1" failures="0" timestamp="23 May 2018 12:18:59 GMT" time="0.283" errors="0">
  <testcase name="testIP2" time="0.283" classname="com.http.testcase.TestIP2"/>
</testsuite> <!-- com.http.testcase.TestIP2 -->
